         w __deregister_frame_info
         w _ITM_deregisterTMCloneTable
         w _ITM_registerTMCloneTable
         w _Jv_RegisterClasses
         w __register_frame_info
00000000 b .LANCHOR1
00000000 a shift
00000000 b _TLS_MODULE_BASE_
00000000 00002000 b tmp_buffer.6665
00001ff8 b .LANCHOR2
00002000 00000401 b __fixedpath
00002404 00000802 b __utf16path
00002c08 00000802 b __utf16path_old.6736
00100000 T _start
00100000 T __start__
00100008 T __service_ptr
0010000c T __apt_appid
00100010 T __heap_size
00100014 T __linear_heap_size
00100018 T __system_arglist
0010001c T __system_runflags
00100020 t startup
00100058 t ClearMem
0010006c t ClrLoop
00100094 T _init
001000ac t deregister_tm_clones
001000dc t register_tm_clones
00100114 t __do_global_dtors_aux
00100158 t frame_dummy
001001b4 T initSystem
001001f8 T __ctru_exit
00100218 00000004 W __aeabi_idiv0
00100218 00000004 W __aeabi_ldiv0
0010021c 00000008 t null_write
00100224 00000018 T setDefaultDevice
0010023c 000000bc T FindDevice
001002f8 0000002c T RemoveDevice
00100324 00000098 T AddDevice
001003bc 00000024 T GetDeviceOpTab
001003e0 00000070 T _sbrk_r
00100450 000001bc T _concatenate_path
0010060c 00000154 T chdir
00100760 000000a0 T getcwd
00100800 00000018 T __libc_lock_init
00100818 00000018 T __libc_lock_acquire
00100830 00000024 T __libc_lock_try_acquire
00100854 00000018 T __libc_lock_release
0010086c 00000018 T __libc_lock_close
00100884 00000018 T __libc_lock_init_recursive
0010089c 00000018 T __libc_lock_acquire_recursive
001008b4 00000024 T __libc_lock_try_acquire_recursive
001008d8 00000018 T __libc_lock_release_recursive
001008f0 00000018 T __libc_lock_close_recursive
00100908 00000028 T __getreent
00100930 T __aeabi_uidiv
00100930 000001ec T __udivsi3
00100930 t .udivsi3_skip_div0_test
00100b1c 00000020 T __aeabi_uidivmod
00100b48 00000390 T strcmp
00100ee0 00000084 T main
00100f64 0000008c t gfxSetFramebufferInfo.part.0
00100ff0 00000018 T __get_bytes_per_pixel
00101008 00000070 T gfxSetFramebufferInfo
00101078 00000088 T gfxWriteFramebufferInfo
00101100 000001d0 T gfxInit
001012d0 00000010 T gfxInitDefault
001012e0 000000e0 T gfxExit
001013c0 000000b0 T gfxGetFramebuffer
00101470 000000cc T gfxFlushBuffers
0010153c 00000070 T gfxConfigScreen
001015ac 00000020 T gfxSwapBuffers
001015cc 00000124 t gspEventThreadMain
001016f0 00000074 T gspInit
00101764 0000003c T gspExit
001017a0 000000d0 T gspInitEventHandler
00101870 0000005c T gspExitEventHandler
001018cc 00000058 T gspWaitForEvent
00101924 0000006c T GSPGPU_SetBufferSwap
00101990 0000004c T GSPGPU_FlushDataCache
001019dc 00000034 T GSPGPU_SetLcdForceBlack
00101a10 00000064 T GSPGPU_RegisterInterruptRelayQueue
00101a74 0000002c T GSPGPU_UnregisterInterruptRelayQueue
00101aa0 00000048 T GSPGPU_AcquireRight
00101ae8 0000002c T GSPGPU_ReleaseRight
00101b14 00000080 T GSPGPU_ImportDisplayCaptureInfo
00101b94 0000002c T GSPGPU_SaveVramSysArea
00101bc0 0000002c T GSPGPU_RestoreVramSysArea
00101bec 00000004 W _aptDebug
00101bf0 0000012c T aptSendCommand
00101d1c 0000003c t aptExitProcess
00101d58 0000013c T aptExit
00101e94 0000004c T APT_InquireNotification
00101ee0 00000198 t aptEventHandler
00102078 00000074 T APT_AppletUtility
001020ec 000000b0 T aptSetSleepAllowed
0010219c 000000b4 T APT_GlanceParameter
00102250 000000c0 T APT_ReceiveParameter
00102310 000000a8 t aptReceiveParameter.constprop.1
001023b8 000001e0 t aptScreenTransfer
00102598 00000224 t aptWaitForWakeUp
001027bc 00000070 T APT_CancelParameter
0010282c 00000210 T aptInit
00102a3c 00000088 t aptClearParamQueue
00102ac4 00000208 T aptMainLoop
00102ccc 00000070 T APT_CheckNew3DS
00102d3c 000000d8 T hidExit
00102e14 00000238 T hidScanInput
0010304c 00000010 T hidKeysDown
0010305c 00000090 T HIDUSER_GetHandles
001030ec 00000184 T hidInit
00103270 00000038 W __libctru_init
001032a8 00000030 t __ctru_get_reent
001032d8 000000e8 T __system_initSyscalls
001033c0 00000058 t osGetMemRegionSize
00103418 00000124 W __system_allocateHeaps
0010353c 000000f4 T __system_initArgv
00103630 T svcControlMemory
00103650 T svcExitProcess
00103658 T svcCreateThread
00103678 T svcExitThread
00103680 T svcSleepThread
00103688 T svcReleaseMutex
00103690 T svcCreateEvent
001036a4 T svcSignalEvent
001036ac T svcClearEvent
001036b4 T svcMapMemoryBlock
001036bc T svcUnmapMemoryBlock
001036c4 T svcCreateAddressArbiter
001036d8 T svcArbitrateAddress
001036f0 T svcCloseHandle
001036f8 T svcWaitSynchronization
00103700 T svcWaitSynchronizationN
00103728 T svcDuplicateHandle
0010373c T svcGetSystemTick
00103744 T svcGetSystemInfo
0010375c T svcConnectToPort
00103770 T svcSendSyncRequest
00103778 T svcBreak
00103780 00000024 t addrMapNodeComparator(rbtree_node const*, rbtree_node const*)
001037a4 00000004 t addrMapNodeDestructor(rbtree_node*)
001037a8 00000130 T vramMemAlign
001038d8 00000008 T vramAlloc
001038e0 00000050 T vramFree
00103930 00000024 t addrMapNodeComparator(rbtree_node const*, rbtree_node const*)
00103954 00000004 t addrMapNodeDestructor(rbtree_node*)
00103958 000000f4 T mappableAlloc
00103a4c 00000050 T mappableFree
00103a9c 00000024 t addrMapNodeComparator(rbtree_node const*, rbtree_node const*)
00103ac0 00000004 t addrMapNodeDestructor(rbtree_node*)
00103ac4 00000140 T linearMemAlign
00103c04 00000008 T linearAlloc
00103c0c 00000050 T linearFree
00103c5c 000000a0 T MemPool::CoalesceRight(MemBlock*)
00103cfc 0000018c T MemPool::Allocate(MemChunk&, unsigned long, int)
00103e88 00000104 T MemPool::Deallocate(MemChunk const&)
00103f8c 00000034 t LightLock_Unlock.part.1
00103fc0 0000000c T __sync_init
00103fcc 00000018 T __sync_fini
00103fe4 00000018 T LightLock_Init
00103ffc 00000094 T LightLock_Lock
00104090 00000034 T LightLock_TryLock
001040c4 00000020 T LightLock_Unlock
001040e4 00000024 T RecursiveLock_Init
00104108 00000030 T RecursiveLock_Lock
00104138 00000058 T RecursiveLock_TryLock
00104190 00000038 T RecursiveLock_Unlock
001041c8 00000038 T LightEvent_Init
00104200 000000dc T LightEvent_Signal
001042dc 000000c8 T LightEvent_Wait
001043a4 00000058 t getSysTime
001043fc 00000024 T osGetMemRegionUsed
00104420 000000f4 T __libctru_gtod
00104518 00000034 T __ctru_speedup_config
0010454c 00000050 T srvExit
0010459c 00000038 T srvRegisterClient
001045d4 00000070 T srvInit
00104644 00000068 T srvGetServiceHandleDirect
001046ac 00000038 T srvGetServiceHandle
001046e4 000001c8 T threadCreate
001048ac 00000024 T threadJoin
001048d0 0000006c T threadExit
0010493c 0000003c t _thread_begin
00104978 000000b0 T irrstScanInput
00104a28 0000001c T irrstKeysHeld
00104a44 00000050 T IRRST_GetHandles
00104a94 00000148 T irrstInit
00104bdc 0000002c T IRRST_Shutdown
00104c08 000000b0 T irrstExit
00104cb8 00000070 T ptmSysmInit
00104d28 00000034 T ptmSysmExit
00104d5c 00000034 T PTMSYSM_ConfigureNew3DSCPU
00104d90 00000014 T rbtree_init
00104da4 000001d4 t do_insert
00104f78 00000008 T rbtree_insert
00104f80 000000ac T rbtree_rotate
0010502c 0000035c T rbtree_remove
00105388 00000070 T rbtree_find
001053f8 0000001c W __appInit
00105414 0000001c W __appExit
00105430 000000a4 W __libctru_exit
001054d4 00000094 T envGetHandle
00105568 0000004c T envDestroyHandles
001055b4 00000010 t sdmc_link
001055c4 00000010 t sdmc_dirreset
001055d4 00000010 t sdmc_chmod
001055e4 00000010 t sdmc_fchmod
001055f4 00000024 t error_cmp
00105618 00000050 t sdmc_translate_error
00105668 00000034 t sdmc_fsync
0010569c 00000054 t sdmc_ftruncate
001056f0 000000ac t sdmc_statvfs
0010579c 00000038 t sdmc_dirclose
001057d4 0000013c t sdmc_dirnext
00105910 00000034 t sdmc_close
00105944 00000074 t sdmc_fstat
001059b8 000000c0 t sdmc_seek
00105a78 0000008c t sdmc_read
00105b04 00000110 t sdmc_write_safe
00105c14 000001b4 t sdmc_utf16path
00105dc8 00000074 t sdmc_rmdir
00105e3c 000000a8 t sdmc_diropen
00105ee4 000000a0 t sdmc_chdir
00105f84 00000098 t sdmc_mkdir
0010601c 00000108 t sdmc_rename
00106124 00000074 t sdmc_unlink
00106198 00000108 t sdmc_stat
001062a0 00000188 t sdmc_open
00106428 0000015c T sdmcInit
00106584 00000054 T sdmcExit
001065d8 00000028 t fsSessionForArchive.part.0
00106600 000000cc T fsInit
001066cc 00000038 T fsExit
00106704 00000074 T fsExemptFromSession
00106778 00000054 T fsUnexemptFromSession
001067cc 000000bc T FSUSER_OpenFile
00106888 000000a4 T FSUSER_DeleteFile
0010692c 000000e0 T FSUSER_RenameFile
00106a0c 000000a4 T FSUSER_DeleteDirectory
00106ab0 000000bc T FSUSER_CreateFile
00106b6c 000000ac T FSUSER_CreateDirectory
00106c18 000000e0 T FSUSER_RenameDirectory
00106cf8 000000a4 T FSUSER_OpenDirectory
00106d9c 0000009c T FSUSER_OpenArchive
00106e38 00000074 T FSUSER_CloseArchive
00106eac 00000078 T FSUSER_GetSdmcArchiveResource
00106f24 00000064 T FSUSER_IsSdmcWritable
00106f88 0000005c T FSFILE_Read
00106fe4 00000064 T FSFILE_Write
00107048 0000003c T FSFILE_GetSize
00107084 0000002c T FSFILE_SetSize
001070b0 0000003c T FSFILE_Close
001070ec 00000024 T FSFILE_Flush
00107110 00000054 T FSDIR_Read
00107164 0000003c T FSDIR_Close
001071a0 0000008c T rbtree_node_next
0010722c 000000bc T utf8_to_utf16
001072e8 00000138 T decode_utf8
00107420 000000e4 T utf16_to_utf8
00107504 T __aeabi_read_tp
00107510 00000068 T encode_utf16
00107578 00000104 T encode_utf8
0010767c 00000060 T decode_utf16
001076dc 00000078 T bsearch
00107754 0000003c T __libc_fini_array
00107790 00000078 T __libc_init_array
00107808 00000020 T memalign
00107828 0000015c T _memalign_r
00107984 00000018 T malloc
0010799c 00000018 T free
001079b4 000007a8 T _malloc_r
0010815c 000000f0 T memcpy
0010824c 000000f4 T memset
00108340 0000000c T __malloc_lock
0010834c 0000000c T __malloc_unlock
00108358 0000005c T strlen
001083b4 000000a4 T strncat
00108458 000000e0 T strncpy
00108538 000000f8 T _malloc_trim_r
00108630 000002e4 T _free_r
00108914 0000015c T strchr
00108a70 0000011c T strncmp
00108b8c 0000005c T strnlen
00108be8 00000044 T strrchr
00108c2c T _fini
00109000 00000014 r CSWTCH.26
00109014 00000008 r framebufferInfoSt
0010901c 0000000c r serviceNameTable.6245
00109028 00000030 r error_table
00109064 00000068 R dotab_stdnull
001090cc 00000003 R DIRECTORY_PARENT
001090d0 00000002 R DIRECTORY_THIS
001090d4 00000002 R DIRECTORY_SEPARATOR
00109154 00000101 R _ctype_
00109258 r __EH_FRAME_BEGIN__
00109258 R __exidx_end
00109258 R __exidx_start
0010a000 00000001 d topFormat
0010a001 00000001 d botFormat
0010a004 00000008 d doubleBuf
0010a00c 00000004 d aptFlags
0010a010 W __stacksize__
0010a014 00000401 d __cwd
0010a418 00000068 d sdmc_devoptab
0010a480 00000004 d defaultDevice
0010a484 00000040 D devoptab_list
0010a4c4 00001000 d _current_working_directory
0010b4c8 00000440 d impure_data
0010b908 00000004 D _impure_ptr
0010b90c 00000408 D __malloc_av_
0010bd14 00000004 D __malloc_trim_threshold
0010bd18 00000004 D __malloc_sbrk_base
0010bd1c 0000000c d __malloc_lock_object
0010bd28 00000004 D __ctype_ptr__
0010bd2c t __frame_dummy_init_array_entry
0010bd2c T __init_array_start
0010bd2c d __JCR_LIST__
0010bd2c B __preinit_array_end
0010bd2c B __preinit_array_start
0010bd2c D __tdata_lma
0010bd2c D __tdata_lma_end
0010bd2c D __TMC_END__
0010bd2c d __TMC_LIST__
0010bd30 t __do_global_dtors_aux_fini_array_entry
0010bd30 T __fini_array_start
0010bd30 T __init_array_end
0010bd34 T __bss_start__
0010bd34 b completed.6505
0010bd34 T __fini_array_end
0010bd38 b object.6510
0010bd50 00000001 b enable3d
0010bd54 00000004 b screenFree
0010bd58 00000002 b currentBuffer
0010bd5c 00000004 b gspEvent
0010bd60 00000004 b gspEventData
0010bd64 00000004 b gspRefCount
0010bd68 00000004 b aptLockHandle
0010bd6c 00000004 b serviceName.6244
0010bd70 00000004 b aptRefCount
0010bd74 0000000c b aptEvents
0010bd80 00000004 b aptEventHandlerThread
0010bd84 0000000c b aptFirstHook
0010bd90 00000004 b aptMessageFunc
0010bd94 00000004 b aptMessageFuncData
0010bd98 00000001 b aptHomeButtonState
0010bd9c 00000008 b aptSleepEvent
0010bda4 00001000 b aptParameters
0010cda4 00000001 b flagInit.6595
0010cda5 00000001 b flagValue.6596
0010cda8 00000004 b hidRefCount
0010cdac 00000004 b kOld
0010cdb0 00000004 b kHeld
0010cdb4 00000004 b cPos
0010cdb8 00000004 b tPos
0010cdbc 00000006 b aVec
0010cdc4 00000006 b gRate
0010cdcc 00000004 b kDown
0010cdd0 00000004 b kUp
0010cdd4 b saved_stack
0010cddc 00000008 b sVramPool
0010cde4 0000000c b sAddrMap
0010cdf0 00000008 b sMappablePool
0010cdf8 0000000c b sAddrMap
0010ce04 00000008 b sLinearPool
0010ce0c 0000000c b sAddrMap
0010ce18 00000004 b arbiter
0010ce1c 00000001 V __ctru_speedup
0010ce20 00000004 b srvRefCount
0010ce24 00000004 b srvHandle
0010ce28 00000004 b irrstRefCount
0010ce2c 00000004 b kHeld
0010ce30 00000004 b csPos
0010ce34 00000004 b ptmSysmRefCount
0010ce38 00000004 b ptmSysmHandle
0010ce40 00000008 b sdmcArchive
0010ce48 00000001 b sdmcInitialised
0010ce50 00000004 b fsuHandle
0010ce54 00000004 b fsuRefCount
0010ce58 00000080 b fsExemptArchives
0010ced8 00000004 b heap_start.5704
0010cedc 00000004 B fake_heap_start
0010cee0 00000004 B fake_heap_end
0010cee4 00001000 b temp_cwd
0010dee4 00000038 B __syscalls
0010df1c 00000004 B __malloc_max_total_mem
0010df20 00000004 B __malloc_max_sbrked_mem
0010df24 00000004 B __malloc_top_pad
0010df28 00000028 B __malloc_current_mallinfo
0010df50 00000008 B gfxBottomFramebuffers
0010df58 00000004 B gspSharedMemHandle
0010df5c 0000001c B bottomFramebufferInfo
0010df78 00000004 B gspEvent
0010df7c 00000008 B gfxTopLeftFramebuffers
0010df84 00000008 B gfxTopRightFramebuffers
0010df8c 0000001c B topFramebufferInfo
0010dfa8 00000001 B gfxThreadID
0010dfac 00000004 B gfxSharedMemory
0010dfb0 00000004 B gxCmdBuf
0010dfb4 00000007 B gspEventCbOneShot
0010dfbc 0000001c B gspEventCb
0010dfd8 00000004 B gspGpuHandle
0010dfdc 00000004 B gspEventThread
0010dfe0 0000001c B gspEventCounts
0010dffc 0000001c B gspEvents
0010e018 00000001 B gspRunEvents
0010e01c 0000001c B gspEventCbData
0010e038 00000004 B hidMemHandle
0010e03c 00000004 B hidHandle
0010e040 00000004 B hidSharedMem
0010e044 00000014 B hidEvents
0010e058 00000004 B __system_retAddr
0010e05c 00000004 B __ctru_heap_size
0010e060 00000004 B __ctru_linear_heap
0010e064 00000004 B __ctru_heap
0010e068 00000004 B __ctru_linear_heap_size
0010e06c 00000004 B __system_argv
0010e070 00000004 B __system_argc
0010e074 00000004 B irrstHandle
0010e078 00000004 B irrstEvent
0010e07c 00000004 B irrstMemHandle
0010e080 00000004 B irrstSharedMem
0010e084 B __tls_start
00111490 B __bss_end__
00111490 A __end__
00111490 B __tls_end
